# JRE version: Java(TM) SE Runtime Environment (8.0_144-b01) (build 1.8.0_144-b01)
# Java VM: Java HotSpot(TM) 64-Bit Server VM (25.144-b01 mixed mode windows-amd64 compressed oops)
Heap:
 PSYoungGen      total 165376K, used 19434K [0x00000000d5c00000, 0x00000000e2f80000, 0x0000000100000000)
  eden space 145920K, 0% used [0x00000000d5c00000,0x00000000d5c00000,0x00000000dea80000)
  from space 19456K, 99% used [0x00000000dea80000,0x00000000dfd7a890,0x00000000dfd80000)
  to   space 22016K, 0% used [0x00000000e1a00000,0x00000000e1a00000,0x00000000e2f80000)
 ParOldGen       total 104960K, used 22252K [0x0000000081400000, 0x0000000087a80000, 0x00000000d5c00000)
  object space 104960K, 21% used [0x0000000081400000,0x00000000829bb1c0,0x0000000087a80000)
 Metaspace       used 58219K, capacity 58678K, committed 59096K, reserved 1101824K
  class space    used 7419K, capacity 7560K, committed 7640K, reserved 1048576K
GC Heap History (10 events):
Event: 4.016 GC heap after
Heap after GC invocations=11 (full 2):
 PSYoungGen      total 111104K, used 0K [0x00000000d5c00000, 0x00000000df700000, 0x0000000100000000)
  eden space 95744K, 0% used [0x00000000d5c00000,0x00000000d5c00000,0x00000000db980000)
  from space 15360K, 0% used [0x00000000db980000,0x00000000db980000,0x00000000dc880000)
  to   space 17920K, 0% used [0x00000000de580000,0x00000000de580000,0x00000000df700000)
 ParOldGen       total 104960K, used 21443K [0x0000000081400000, 0x0000000087a80000, 0x00000000d5c00000)
  object space 104960K, 20% used [0x0000000081400000,0x00000000828f0e78,0x0000000087a80000)
 Metaspace       used 34815K, capacity 35162K, committed 35456K, reserved 1081344K
  class space    used 4253K, capacity 4366K, committed 4480K, reserved 1048576K
}
Event: 5.087 GC heap before
{Heap before GC invocations=12 (full 2):
 PSYoungGen      total 111104K, used 95744K [0x00000000d5c00000, 0x00000000df700000, 0x0000000100000000)
  eden space 95744K, 100% used [0x00000000d5c00000,0x00000000db980000,0x00000000db980000)
  from space 15360K, 0% used [0x00000000db980000,0x00000000db980000,0x00000000dc880000)
  to   space 17920K, 0% used [0x00000000de580000,0x00000000de580000,0x00000000df700000)
 ParOldGen       total 104960K, used 21443K [0x0000000081400000, 0x0000000087a80000, 0x00000000d5c00000)
  object space 104960K, 20% used [0x0000000081400000,0x00000000828f0e78,0x0000000087a80000)
 Metaspace       used 44204K, capacity 44650K, committed 45056K, reserved 1089536K
  class space    used 5680K, capacity 5814K, committed 5888K, reserved 1048576K
Event: 5.096 GC heap after
Heap after GC invocations=12 (full 2):
 PSYoungGen      total 134656K, used 10588K [0x00000000d5c00000, 0x00000000df380000, 0x0000000100000000)
  eden space 120320K, 0% used [0x00000000d5c00000,0x00000000d5c00000,0x00000000dd180000)
  from space 14336K, 73% used [0x00000000de580000,0x00000000defd7308,0x00000000df380000)
  to   space 17408K, 0% used [0x00000000dd180000,0x00000000dd180000,0x00000000de280000)
 ParOldGen       total 104960K, used 21451K [0x0000000081400000, 0x0000000087a80000, 0x00000000d5c00000)
  object space 104960K, 20% used [0x0000000081400000,0x00000000828f2e78,0x0000000087a80000)
 Metaspace       used 44204K, capacity 44650K, committed 45056K, reserved 1089536K
  class space    used 5680K, capacity 5814K, committed 5888K, reserved 1048576K
}
Event: 6.556 GC heap before
{Heap before GC invocations=13 (full 2):
 PSYoungGen      total 134656K, used 130908K [0x00000000d5c00000, 0x00000000df380000, 0x0000000100000000)
  eden space 120320K, 100% used [0x00000000d5c00000,0x00000000dd180000,0x00000000dd180000)
  from space 14336K, 73% used [0x00000000de580000,0x00000000defd7308,0x00000000df380000)
  to   space 17408K, 0% used [0x00000000dd180000,0x00000000dd180000,0x00000000de280000)
 ParOldGen       total 104960K, used 21451K [0x0000000081400000, 0x0000000087a80000, 0x00000000d5c00000)
  object space 104960K, 20% used [0x0000000081400000,0x00000000828f2e78,0x0000000087a80000)
 Metaspace       used 48529K, capacity 48986K, committed 49408K, reserved 1091584K
  class space    used 6254K, capacity 6382K, committed 6400K, reserved 1048576K
Event: 6.566 GC heap after
Heap after GC invocations=13 (full 2):
 PSYoungGen      total 137728K, used 11389K [0x00000000d5c00000, 0x00000000e0e80000, 0x0000000100000000)
  eden space 120320K, 0% used [0x00000000d5c00000,0x00000000d5c00000,0x00000000dd180000)
  from space 17408K, 65% used [0x00000000dd180000,0x00000000ddc9f708,0x00000000de280000)
  to   space 17408K, 0% used [0x00000000dfd80000,0x00000000dfd80000,0x00000000e0e80000)
 ParOldGen       total 104960K, used 21459K [0x0000000081400000, 0x0000000087a80000, 0x00000000d5c00000)
  object space 104960K, 20% used [0x0000000081400000,0x00000000828f4e78,0x0000000087a80000)
 Metaspace       used 48529K, capacity 48986K, committed 49408K, reserved 1091584K
  class space    used 6254K, capacity 6382K, committed 6400K, reserved 1048576K
}
Event: 7.938 GC heap before
{Heap before GC invocations=14 (full 2):
 PSYoungGen      total 137728K, used 131709K [0x00000000d5c00000, 0x00000000e0e80000, 0x0000000100000000)
  eden space 120320K, 100% used [0x00000000d5c00000,0x00000000dd180000,0x00000000dd180000)
  from space 17408K, 65% used [0x00000000dd180000,0x00000000ddc9f708,0x00000000de280000)
  to   space 17408K, 0% used [0x00000000dfd80000,0x00000000dfd80000,0x00000000e0e80000)
 ParOldGen       total 104960K, used 21459K [0x0000000081400000, 0x0000000087a80000, 0x00000000d5c00000)
  object space 104960K, 20% used [0x0000000081400000,0x00000000828f4e78,0x0000000087a80000)
 Metaspace       used 52183K, capacity 52644K, committed 53248K, reserved 1095680K
  class space    used 6688K, capacity 6815K, committed 6912K, reserved 1048576K
Event: 7.951 GC heap after
Heap after GC invocations=14 (full 2):
 PSYoungGen      total 163328K, used 16243K [0x00000000d5c00000, 0x00000000e1180000, 0x0000000100000000)
  eden space 145920K, 0% used [0x00000000d5c00000,0x00000000d5c00000,0x00000000dea80000)
  from space 17408K, 93% used [0x00000000dfd80000,0x00000000e0d5cd68,0x00000000e0e80000)
  to   space 19456K, 0% used [0x00000000dea80000,0x00000000dea80000,0x00000000dfd80000)
 ParOldGen       total 104960K, used 21459K [0x0000000081400000, 0x0000000087a80000, 0x00000000d5c00000)
  object space 104960K, 20% used [0x0000000081400000,0x00000000828f4e78,0x0000000087a80000)
 Metaspace       used 52183K, capacity 52644K, committed 53248K, reserved 1095680K
  class space    used 6688K, capacity 6815K, committed 6912K, reserved 1048576K
}
Event: 62.795 GC heap before
{Heap before GC invocations=15 (full 2):
 PSYoungGen      total 163328K, used 90903K [0x00000000d5c00000, 0x00000000e1180000, 0x0000000100000000)
  eden space 145920K, 51% used [0x00000000d5c00000,0x00000000da4e90f8,0x00000000dea80000)
  from space 17408K, 93% used [0x00000000dfd80000,0x00000000e0d5cd68,0x00000000e0e80000)
  to   space 19456K, 0% used [0x00000000dea80000,0x00000000dea80000,0x00000000dfd80000)
 ParOldGen       total 104960K, used 21459K [0x0000000081400000, 0x0000000087a80000, 0x00000000d5c00000)
  object space 104960K, 20% used [0x0000000081400000,0x00000000828f4e78,0x0000000087a80000)
 Metaspace       used 58219K, capacity 58678K, committed 59096K, reserved 1101824K
  class space    used 7419K, capacity 7560K, committed 7640K, reserved 1048576K
Event: 62.820 GC heap after
Heap after GC invocations=15 (full 2):
 PSYoungGen      total 165376K, used 19434K [0x00000000d5c00000, 0x00000000e2f80000, 0x0000000100000000)
  eden space 145920K, 0% used [0x00000000d5c00000,0x00000000d5c00000,0x00000000dea80000)
  from space 19456K, 99% used [0x00000000dea80000,0x00000000dfd7a890,0x00000000dfd80000)
  to   space 22016K, 0% used [0x00000000e1a00000,0x00000000e1a00000,0x00000000e2f80000)
 ParOldGen       total 104960K, used 22252K [0x0000000081400000, 0x0000000087a80000, 0x00000000d5c00000)
  object space 104960K, 21% used [0x0000000081400000,0x00000000829bb1c0,0x0000000087a80000)
 Metaspace       used 58219K, capacity 58678K, committed 59096K, reserved 1101824K
  class space    used 7419K, capacity 7560K, committed 7640K, reserved 1048576K
}
Event: 62.820 GC heap before
{Heap before GC invocations=16 (full 3):
 PSYoungGen      total 165376K, used 19434K [0x00000000d5c00000, 0x00000000e2f80000, 0x0000000100000000)
  eden space 145920K, 0% used [0x00000000d5c00000,0x00000000d5c00000,0x00000000dea80000)
  from space 19456K, 99% used [0x00000000dea80000,0x00000000dfd7a890,0x00000000dfd80000)
  to   space 22016K, 0% used [0x00000000e1a00000,0x00000000e1a00000,0x00000000e2f80000)
 ParOldGen       total 104960K, used 22252K [0x0000000081400000, 0x0000000087a80000, 0x00000000d5c00000)
  object space 104960K, 21% used [0x0000000081400000,0x00000000829bb1c0,0x0000000087a80000)
 Metaspace       used 58219K, capacity 58678K, committed 59096K, reserved 1101824K
  class space    used 7419K, capacity 7560K, committed 7640K, reserved 1048576K

